SF:lib\presentation\controllers\agenda_controller.dart
DA:6,1
DA:8,1
DA:11,1
DA:12,6
DA:13,2
DA:15,2
DA:16,1
DA:17,4
DA:21,4
DA:26,6
DA:28,1
DA:29,1
DA:30,1
DA:31,10
DA:32,1
DA:37,3
DA:38,2
LF:17
LH:17
end_of_record
SF:lib\domain\entities\event_entity.dart
DA:13,5
LF:1
LH:1
end_of_record
SF:lib\presentation\screens\person\widgets\availability_widget.dart
DA:8,1
DA:14,1
DA:16,1
DA:19,1
DA:21,1
DA:22,1
DA:23,1
DA:24,1
DA:30,1
DA:32,1
DA:38,1
DA:39,1
DA:40,1
DA:41,1
DA:42,1
LF:15
LH:15
end_of_record
SF:lib\presentation\screens\principal\widgets\commitment_card.dart
DA:10,2
DA:16,2
DA:18,2
DA:21,2
DA:23,2
DA:24,2
DA:25,2
DA:30,2
DA:32,2
DA:34,2
DA:36,2
DA:37,2
DA:39,2
DA:41,2
DA:43,2
DA:48,2
DA:49,2
DA:51,2
DA:52,2
DA:54,2
DA:55,4
DA:63,2
DA:65,10
DA:67,6
DA:68,2
DA:70,8
DA:82,2
DA:83,2
DA:84,2
DA:87,6
DA:89,2
DA:91,2
DA:98,1
DA:99,1
DA:101,2
DA:103,1
DA:104,1
DA:105,0
DA:111,2
DA:116,2
DA:118,2
DA:119,2
DA:120,2
DA:122,2
DA:124,2
DA:127,2
DA:141,2
DA:143,2
DA:145,2
DA:147,2
DA:149,2
DA:151,2
DA:152,2
LF:53
LH:52
end_of_record
SF:lib\presentation\screens\principal\widgets\commitments_widget.dart
DA:12,1
DA:18,1
DA:21,2
DA:22,5
DA:24,1
DA:26,1
DA:47,2
DA:48,1
DA:59,1
DA:62,1
DA:63,1
DA:64,1
DA:66,1
DA:67,5
DA:69,1
DA:71,1
DA:73,1
DA:74,2
DA:75,2
DA:86,1
DA:87,2
DA:88,4
DA:90,1
DA:92,1
DA:94,1
DA:95,1
LF:26
LH:26
end_of_record
SF:lib\presentation\widgets\new_appointment_widget.dart
DA:13,2
DA:15,2
DA:16,2
DA:32,2
DA:34,2
DA:36,4
DA:37,4
DA:38,6
DA:39,6
DA:42,10
DA:44,6
DA:45,4
DA:46,4
DA:49,6
DA:50,6
DA:55,2
DA:56,4
DA:58,2
DA:59,10
DA:65,2
DA:68,4
DA:69,4
DA:70,4
DA:71,4
DA:72,2
DA:76,0
DA:77,0
DA:78,0
DA:79,0
DA:80,0
DA:81,0
DA:82,0
DA:84,0
DA:85,0
DA:86,0
DA:92,0
DA:93,0
DA:94,0
DA:100,0
DA:101,0
DA:102,0
DA:103,0
DA:104,0
DA:105,0
DA:106,0
DA:107,0
DA:114,0
DA:116,0
DA:118,0
DA:124,2
DA:127,4
DA:128,2
DA:129,2
DA:130,2
DA:133,2
DA:135,2
DA:136,2
DA:137,2
DA:138,2
DA:144,2
DA:147,2
DA:149,2
DA:154,2
DA:161,2
DA:162,2
DA:163,2
DA:165,2
DA:174,2
DA:175,0
DA:187,2
DA:189,2
DA:191,2
DA:193,2
DA:195,2
DA:196,2
DA:197,2
DA:202,2
DA:203,2
DA:205,2
DA:207,2
DA:209,2
DA:210,2
DA:212,2
DA:217,2
DA:218,2
DA:219,2
DA:220,2
DA:227,2
DA:232,4
DA:233,2
DA:235,2
DA:236,2
DA:237,2
DA:243,2
DA:252,2
DA:253,0
DA:254,0
DA:255,0
DA:267,2
DA:269,2
DA:270,2
DA:271,2
DA:273,2
DA:274,2
DA:276,2
DA:281,2
DA:282,2
DA:285,2
DA:286,2
DA:287,2
DA:288,2
DA:290,4
DA:291,2
DA:315,2
DA:316,2
DA:317,2
DA:318,2
DA:320,2
DA:321,0
DA:325,2
DA:326,2
DA:328,2
DA:329,0
DA:337,2
DA:338,2
DA:339,2
DA:341,2
DA:342,2
DA:348,2
DA:350,2
DA:351,2
DA:363,2
DA:365,2
DA:366,2
DA:368,2
DA:373,2
DA:374,2
DA:375,2
DA:376,2
DA:377,0
DA:378,2
DA:380,4
DA:381,2
DA:382,2
DA:392,2
DA:393,2
DA:394,0
DA:395,0
DA:396,0
DA:400,0
DA:403,0
DA:404,0
DA:405,0
DA:406,0
DA:407,0
DA:409,0
DA:410,0
DA:411,0
DA:413,0
DA:414,0
DA:420,0
DA:423,0
DA:424,0
DA:428,2
DA:431,2
DA:432,2
DA:436,2
DA:461,2
DA:462,2
DA:464,4
DA:466,2
DA:467,2
DA:468,4
DA:470,2
DA:471,2
DA:472,2
DA:477,2
DA:478,2
DA:479,4
DA:480,2
DA:484,4
DA:486,4
DA:489,2
DA:494,2
DA:496,2
DA:498,2
DA:499,2
DA:501,2
DA:504,2
DA:505,2
DA:507,2
DA:508,2
DA:509,4
DA:521,2
DA:528,2
DA:530,2
DA:531,2
DA:532,2
DA:533,2
DA:537,2
DA:541,2
DA:544,2
LF:202
LH:154
end_of_record
SF:lib\presentation\widgets\custom_text_field.dart
DA:15,1
DA:28,1
DA:30,1
DA:32,1
DA:34,1
DA:36,1
DA:37,4
DA:45,1
DA:47,1
DA:48,1
DA:49,1
DA:50,1
DA:51,1
DA:52,1
DA:54,1
DA:55,1
DA:56,2
DA:63,1
DA:64,1
DA:65,2
DA:69,1
DA:70,1
DA:78,1
DA:79,1
LF:24
LH:24
end_of_record
SF:lib\presentation\screens\principal\widgets\infos_widget.dart
DA:8,1
DA:16,1
DA:18,3
DA:19,1
DA:21,1
DA:22,1
DA:25,1
DA:26,1
DA:28,2
DA:32,1
DA:34,1
DA:40,1
DA:43,1
DA:44,1
DA:46,2
DA:50,1
DA:52,2
DA:63,1
DA:64,1
DA:71,1
DA:72,1
DA:75,1
DA:77,1
DA:78,1
DA:79,1
DA:80,1
DA:81,1
DA:82,1
DA:83,1
DA:85,1
DA:87,1
DA:95,1
LF:32
LH:32
end_of_record
SF:lib\presentation\screens\person\widgets\multi_selection_widget.dart
DA:10,1
DA:18,1
DA:20,1
DA:24,1
DA:26,1
DA:27,1
DA:28,1
DA:29,1
DA:36,1
DA:38,1
DA:39,1
DA:40,3
DA:41,2
DA:42,1
DA:43,1
DA:50,1
DA:51,1
DA:52,3
DA:53,1
DA:56,1
DA:61,1
DA:63,1
DA:64,1
DA:66,1
DA:68,1
DA:69,1
DA:77,1
DA:79,1
LF:28
LH:28
end_of_record
SF:lib\presentation\screens\auth\widgets\login_form.dart
DA:6,1
DA:8,1
DA:9,1
DA:18,1
DA:20,1
DA:21,1
DA:22,1
DA:23,1
DA:25,1
DA:26,1
DA:27,1
DA:30,1
DA:31,1
DA:33,1
DA:34,1
DA:37,1
DA:38,1
DA:42,1
DA:43,1
DA:52,1
DA:53,1
DA:54,1
DA:55,1
DA:58,1
DA:59,1
DA:60,1
DA:62,0
DA:63,0
DA:65,1
DA:66,1
DA:68,1
DA:69,1
DA:72,1
DA:73,1
DA:77,1
DA:78,2
DA:86,1
DA:89,1
DA:90,1
DA:92,1
DA:93,1
DA:97,1
DA:113,1
DA:114,3
DA:117,0
LF:45
LH:42
end_of_record
SF:lib\presentation\widgets\my_roadie_app_bar.dart
DA:9,1
DA:14,1
DA:17,1
DA:19,1
DA:27,1
DA:29,1
DA:32,1
DA:34,1
DA:36,1
DA:39,2
DA:43,0
DA:45,0
DA:52,1
DA:54,2
DA:58,0
DA:60,0
DA:67,1
DA:69,2
DA:75,1
DA:80,0
DA:82,0
LF:21
LH:15
end_of_record
SF:lib\data\datasources\remote_datasource.dart
DA:10,1
DA:15,1
DA:20,0
DA:27,1
DA:33,1
DA:34,4
DA:35,1
DA:39,2
DA:46,1
DA:48,2
DA:49,1
DA:50,1
DA:53,2
DA:54,2
DA:55,4
DA:56,2
DA:57,1
DA:59,0
DA:61,1
DA:62,1
DA:64,1
DA:67,0
DA:73,0
DA:75,0
DA:76,0
DA:77,0
DA:80,0
DA:81,0
DA:82,0
DA:83,0
DA:85,0
DA:87,0
DA:88,0
DA:90,0
DA:93,0
DA:97,0
DA:99,0
DA:100,0
DA:101,0
DA:102,0
DA:105,0
DA:106,0
DA:107,0
DA:108,0
DA:110,0
DA:112,0
DA:113,0
DA:115,0
DA:118,0
LF:49
LH:19
end_of_record
SF:lib\domain\models\event_model.dart
DA:5,1
DA:18,1
DA:19,1
DA:20,1
DA:21,1
DA:22,1
DA:23,2
DA:24,1
DA:25,1
DA:26,1
DA:27,2
DA:28,1
DA:32,0
DA:33,0
DA:34,0
DA:35,0
DA:36,0
DA:37,0
DA:38,0
DA:39,0
DA:40,0
DA:41,0
DA:42,0
LF:23
LH:12
end_of_record
SF:lib\core\config\app_config.dart
DA:19,0
DA:20,0
LF:2
LH:0
end_of_record
SF:lib\data\models\user_model.dart
DA:5,0
DA:21,0
DA:22,0
DA:23,0
DA:24,0
DA:25,0
DA:26,0
DA:27,0
DA:28,0
DA:29,0
DA:30,0
DA:31,0
DA:32,0
DA:33,0
DA:34,0
DA:35,0
DA:37,0
DA:38,0
DA:39,0
DA:41,0
DA:45,0
DA:46,0
DA:47,0
DA:48,0
DA:49,0
DA:50,0
DA:51,0
DA:52,0
DA:53,0
DA:54,0
DA:55,0
DA:56,0
DA:57,0
DA:58,0
LF:34
LH:0
end_of_record
SF:lib\domain\entities\user_entity.dart
DA:16,1
DA:32,1
DA:46,1
DA:47,1
DA:48,1
DA:49,1
DA:50,1
DA:51,1
DA:52,1
DA:53,1
DA:54,1
DA:55,1
DA:56,1
DA:57,1
DA:58,1
DA:59,1
LF:16
LH:16
end_of_record
SF:lib\presentation\controllers\user_controller.dart
DA:7,1
DA:9,1
DA:13,4
DA:14,0
DA:15,0
DA:16,0
DA:17,4
DA:18,1
DA:19,3
DA:20,0
DA:21,0
DA:23,4
DA:25,1
DA:26,3
DA:27,3
DA:28,3
DA:31,1
DA:32,3
DA:33,3
DA:34,3
DA:37,4
DA:41,4
DA:42,1
LF:23
LH:18
end_of_record
