SF:lib\presentation\controllers\agenda_controller.dart
DA:10,0
DA:11,0
DA:12,0
DA:13,0
DA:17,6
DA:18,0
DA:23,8
DA:25,2
DA:28,6
DA:29,2
DA:32,2
DA:34,4
DA:35,2
DA:41,2
DA:43,4
DA:44,11
DA:45,4
DA:46,2
DA:47,1
DA:48,4
DA:51,8
DA:58,0
DA:60,0
DA:61,0
DA:67,12
DA:69,2
DA:70,2
DA:71,2
DA:72,20
DA:73,2
DA:78,6
DA:79,4
LF:32
LH:24
end_of_record
SF:lib\domain\entities\event_entity.dart
DA:13,7
LF:1
LH:1
end_of_record
SF:lib\core\config\app_config.dart
DA:19,0
DA:20,0
LF:2
LH:0
end_of_record
SF:lib\data\datasources\auth_remote_datasource.dart
DA:7,0
DA:9,0
DA:10,0
DA:16,0
DA:17,0
DA:23,0
DA:24,0
DA:27,0
DA:28,0
LF:9
LH:0
end_of_record
SF:lib\data\datasources\remote_datasource.dart
DA:10,1
DA:15,1
DA:20,3
DA:27,1
DA:33,1
DA:34,4
DA:35,1
DA:39,2
DA:46,1
DA:48,2
DA:49,1
DA:50,1
DA:53,2
DA:54,2
DA:55,4
DA:56,2
DA:57,1
DA:59,0
DA:61,1
DA:62,1
DA:64,1
DA:67,0
DA:71,0
DA:73,0
DA:74,0
DA:75,0
DA:76,0
DA:79,0
DA:80,0
DA:81,0
DA:82,0
DA:83,0
DA:88,0
DA:89,0
DA:91,0
DA:93,0
DA:94,0
DA:96,0
DA:99,0
DA:103,0
DA:105,0
DA:106,0
DA:107,0
DA:110,0
DA:111,0
DA:112,0
DA:114,0
DA:116,0
DA:117,0
DA:119,0
DA:122,0
DA:128,1
DA:130,2
DA:131,2
DA:132,1
DA:135,2
DA:136,3
DA:137,2
DA:138,1
DA:140,0
DA:142,1
DA:143,0
DA:145,1
DA:148,0
DA:152,1
DA:154,2
DA:155,2
DA:156,1
DA:157,2
DA:160,2
DA:161,3
DA:162,2
DA:163,0
DA:165,3
DA:167,1
DA:168,0
DA:170,2
DA:173,0
LF:78
LH:41
end_of_record
SF:lib\data\models\user_model.dart
DA:5,2
DA:21,1
DA:22,1
DA:23,1
DA:24,1
DA:25,1
DA:26,1
DA:27,1
DA:28,1
DA:29,1
DA:30,2
DA:31,1
DA:32,1
DA:33,1
DA:34,2
DA:35,1
DA:37,1
DA:38,2
DA:39,1
DA:41,1
DA:45,1
DA:46,1
DA:47,1
DA:48,1
DA:49,1
DA:50,1
DA:51,1
DA:52,1
DA:53,1
DA:54,1
DA:55,1
DA:56,1
DA:57,1
DA:58,1
LF:34
LH:34
end_of_record
SF:lib\domain\models\event_model.dart
DA:5,2
DA:18,1
DA:19,1
DA:20,1
DA:21,1
DA:22,1
DA:23,2
DA:24,1
DA:25,1
DA:26,1
DA:27,2
DA:28,1
DA:32,0
DA:33,0
DA:34,0
DA:35,0
DA:36,0
DA:37,0
DA:38,0
DA:39,0
DA:40,0
DA:41,0
DA:42,0
LF:23
LH:12
end_of_record
SF:lib\domain\entities\user_entity.dart
DA:16,3
DA:32,1
DA:46,1
DA:47,1
DA:48,1
DA:49,1
DA:50,1
DA:51,1
DA:52,1
DA:53,1
DA:54,1
DA:55,1
DA:56,1
DA:57,1
DA:58,1
DA:59,1
LF:16
LH:16
end_of_record
SF:lib\data\repositories\agenda_repository_impl.dart
DA:10,1
DA:12,1
DA:14,2
DA:17,1
DA:19,1
DA:20,1
DA:21,1
DA:22,1
DA:23,1
DA:24,1
DA:25,1
DA:26,1
DA:27,1
DA:28,1
DA:30,2
DA:34,1
DA:36,2
LF:17
LH:17
end_of_record
SF:lib\data\repositories\auth_repository_impl.dart
DA:9,0
DA:11,0
DA:13,0
DA:14,0
DA:17,0
DA:19,0
DA:20,0
DA:23,0
DA:25,0
DA:28,0
DA:29,0
DA:31,0
DA:32,0
LF:13
LH:0
end_of_record
SF:lib\presentation\controllers\auth_controller.dart
DA:9,0
DA:10,0
DA:11,0
DA:18,1
DA:20,0
DA:21,0
DA:22,0
DA:23,0
DA:24,0
DA:30,0
DA:32,0
DA:34,0
DA:37,0
DA:38,0
DA:40,0
DA:41,0
DA:44,0
DA:49,0
DA:50,0
DA:51,0
DA:55,3
DA:56,0
LF:22
LH:2
end_of_record
SF:lib\presentation\screens\person\widgets\availability_widget.dart
DA:8,1
DA:14,1
DA:16,1
DA:19,1
DA:21,1
DA:22,1
DA:23,1
DA:24,1
DA:30,1
DA:32,1
DA:38,1
DA:39,1
DA:40,1
DA:41,1
DA:42,1
LF:15
LH:15
end_of_record
SF:lib\presentation\screens\principal\widgets\commitment_card.dart
DA:10,3
DA:16,3
DA:18,3
DA:21,3
DA:23,3
DA:24,3
DA:25,3
DA:30,3
DA:32,3
DA:34,3
DA:36,3
DA:37,3
DA:39,3
DA:41,3
DA:43,3
DA:48,3
DA:49,3
DA:51,3
DA:52,3
DA:54,3
DA:55,6
DA:63,3
DA:65,15
DA:67,9
DA:68,3
DA:70,12
DA:82,3
DA:83,3
DA:84,3
DA:87,9
DA:89,3
DA:91,2
DA:98,1
DA:99,1
DA:101,2
DA:103,1
DA:104,1
DA:105,0
DA:111,3
DA:116,3
DA:118,3
DA:119,3
DA:120,3
DA:122,3
DA:124,3
DA:127,3
DA:141,3
DA:143,3
DA:145,3
DA:147,3
DA:149,3
DA:151,3
DA:152,3
LF:53
LH:52
end_of_record
SF:lib\presentation\screens\principal\widgets\commitments_widget.dart
DA:12,2
DA:18,2
DA:21,4
DA:22,6
DA:24,2
DA:26,2
DA:47,4
DA:48,2
DA:59,2
DA:62,2
DA:63,2
DA:64,2
DA:66,2
DA:67,5
DA:69,2
DA:71,2
DA:73,2
DA:74,4
DA:75,4
DA:86,2
DA:87,4
DA:88,8
DA:90,2
DA:92,2
DA:94,2
DA:95,2
LF:26
LH:26
end_of_record
SF:lib\presentation\widgets\new_appointment_widget.dart
DA:12,2
DA:14,2
DA:15,2
DA:31,2
DA:33,2
DA:35,4
DA:36,4
DA:37,6
DA:38,6
DA:41,10
DA:43,6
DA:44,4
DA:45,4
DA:48,6
DA:49,6
DA:54,2
DA:55,4
DA:57,2
DA:58,10
DA:64,2
DA:67,4
DA:68,4
DA:69,4
DA:70,4
DA:71,2
DA:75,0
DA:76,0
DA:77,0
DA:78,0
DA:79,0
DA:80,0
DA:81,0
DA:83,0
DA:84,0
DA:85,0
DA:91,0
DA:92,0
DA:93,0
DA:99,0
DA:100,0
DA:101,0
DA:102,0
DA:103,0
DA:104,0
DA:105,0
DA:106,0
DA:113,0
DA:115,0
DA:117,0
DA:123,2
DA:126,4
DA:127,2
DA:128,2
DA:129,2
DA:132,2
DA:134,2
DA:135,2
DA:136,2
DA:137,2
DA:143,2
DA:146,2
DA:148,2
DA:153,2
DA:160,2
DA:161,2
DA:162,2
DA:164,2
DA:173,2
DA:174,0
DA:186,2
DA:188,2
DA:190,2
DA:192,2
DA:194,2
DA:195,2
DA:196,2
DA:201,2
DA:202,2
DA:204,2
DA:206,2
DA:208,2
DA:209,2
DA:211,2
DA:216,2
DA:217,2
DA:218,2
DA:219,2
DA:226,2
DA:231,4
DA:232,2
DA:234,2
DA:235,2
DA:236,2
DA:242,2
DA:251,2
DA:252,0
DA:253,0
DA:254,0
DA:266,2
DA:268,2
DA:269,2
DA:270,2
DA:272,2
DA:273,2
DA:275,2
DA:280,2
DA:281,2
DA:284,2
DA:285,2
DA:286,2
DA:287,2
DA:289,4
DA:290,2
DA:314,2
DA:315,2
DA:316,2
DA:317,2
DA:319,2
DA:320,0
DA:324,2
DA:325,2
DA:327,2
DA:328,0
DA:336,2
DA:337,2
DA:338,2
DA:340,2
DA:341,2
DA:347,2
DA:349,2
DA:350,2
DA:362,2
DA:364,2
DA:365,2
DA:367,2
DA:372,2
DA:373,2
DA:374,2
DA:375,2
DA:376,0
DA:377,2
DA:379,4
DA:380,2
DA:381,2
DA:391,2
DA:392,2
DA:393,1
DA:394,3
DA:395,1
DA:399,1
DA:402,3
DA:403,0
DA:404,2
DA:405,1
DA:406,1
DA:408,2
DA:409,2
DA:410,2
DA:412,1
DA:413,3
DA:419,2
DA:423,3
DA:424,1
DA:425,2
DA:431,2
DA:434,2
DA:435,2
DA:439,2
DA:464,2
DA:465,2
DA:467,4
DA:469,2
DA:470,2
DA:471,4
DA:473,2
DA:474,2
DA:475,2
DA:480,2
DA:481,2
DA:482,4
DA:483,2
DA:487,4
DA:489,4
DA:492,2
DA:497,2
DA:499,2
DA:501,2
DA:502,2
DA:504,2
DA:507,2
DA:508,2
DA:510,2
DA:511,2
DA:512,4
DA:524,2
DA:531,2
DA:533,2
DA:534,2
DA:535,2
DA:536,2
DA:540,2
DA:544,2
DA:547,2
LF:203
LH:171
end_of_record
SF:lib\presentation\widgets\custom_text_field.dart
DA:15,1
DA:28,1
DA:30,1
DA:32,1
DA:34,1
DA:36,1
DA:37,4
DA:45,1
DA:47,1
DA:48,1
DA:49,1
DA:50,1
DA:51,1
DA:52,1
DA:54,1
DA:55,1
DA:56,2
DA:63,1
DA:64,1
DA:65,2
DA:69,1
DA:70,1
DA:78,1
DA:79,1
LF:24
LH:24
end_of_record
SF:lib\presentation\screens\principal\widgets\infos_widget.dart
DA:8,2
DA:16,2
DA:18,6
DA:19,2
DA:21,2
DA:22,2
DA:25,2
DA:26,2
DA:28,4
DA:32,2
DA:34,2
DA:40,2
DA:43,2
DA:44,2
DA:46,4
DA:50,2
DA:52,4
DA:63,2
DA:64,2
DA:71,2
DA:72,2
DA:75,2
DA:77,2
DA:78,2
DA:79,2
DA:80,2
DA:81,2
DA:82,2
DA:83,2
DA:85,2
DA:87,2
DA:95,2
LF:32
LH:32
end_of_record
SF:lib\presentation\screens\auth\widgets\login_form.dart
DA:6,1
DA:8,1
DA:9,1
DA:18,1
DA:20,1
DA:21,1
DA:22,1
DA:23,1
DA:25,1
DA:26,1
DA:27,1
DA:30,1
DA:31,1
DA:33,1
DA:34,1
DA:37,1
DA:38,1
DA:42,1
DA:43,1
DA:52,1
DA:53,1
DA:54,1
DA:55,1
DA:58,1
DA:59,1
DA:60,1
DA:62,0
DA:63,0
DA:65,1
DA:66,1
DA:68,1
DA:69,1
DA:72,1
DA:73,1
DA:77,1
DA:78,2
DA:86,1
DA:89,1
DA:90,1
DA:92,1
DA:93,1
DA:97,1
DA:113,1
DA:114,3
DA:117,0
LF:45
LH:42
end_of_record
SF:lib\presentation\screens\person\widgets\multi_selection_widget.dart
DA:10,1
DA:18,1
DA:20,1
DA:24,1
DA:26,1
DA:27,1
DA:28,1
DA:29,1
DA:36,1
DA:38,1
DA:39,1
DA:40,3
DA:41,2
DA:42,1
DA:43,1
DA:50,1
DA:51,1
DA:52,3
DA:53,1
DA:56,1
DA:61,1
DA:63,1
DA:64,1
DA:66,1
DA:68,1
DA:69,1
DA:77,1
DA:79,1
LF:28
LH:28
end_of_record
SF:lib\presentation\widgets\my_roadie_app_bar.dart
DA:9,1
DA:14,2
DA:17,2
DA:19,2
DA:27,2
DA:29,2
DA:32,2
DA:34,2
DA:36,2
DA:39,4
DA:43,0
DA:45,0
DA:52,2
DA:54,4
DA:58,0
DA:60,0
DA:67,2
DA:69,4
DA:75,2
DA:80,0
DA:82,0
LF:21
LH:15
end_of_record
SF:lib\presentation\screens\principal\principal_screen.dart
DA:14,1
DA:16,1
DA:20,2
DA:23,4
DA:25,4
DA:28,0
DA:29,0
DA:32,1
DA:33,1
DA:37,1
DA:43,0
DA:44,0
DA:46,0
DA:47,0
DA:48,0
DA:51,0
DA:52,0
DA:60,1
DA:61,1
DA:63,1
DA:64,1
DA:65,1
DA:66,1
DA:67,2
DA:77,1
DA:78,1
DA:84,1
DA:86,1
LF:28
LH:19
end_of_record
SF:lib\presentation\screens\principal\widgets\custom_calendar.dart
DA:11,1
DA:16,1
DA:17,1
DA:25,1
DA:26,4
DA:27,2
DA:28,1
DA:31,1
DA:33,1
DA:35,1
DA:37,1
DA:38,2
DA:41,1
DA:43,1
DA:44,1
DA:46,1
DA:48,1
DA:49,1
DA:50,1
DA:53,3
DA:54,0
DA:55,0
DA:56,0
DA:57,0
DA:62,1
DA:68,1
DA:77,1
DA:78,1
DA:82,2
DA:88,1
DA:89,1
DA:90,1
DA:92,1
DA:94,1
DA:96,3
DA:98,1
DA:108,1
DA:120,1
DA:121,1
DA:123,1
DA:124,1
DA:125,1
DA:126,3
DA:134,1
DA:135,1
DA:136,1
DA:137,0
DA:138,0
DA:139,0
DA:142,1
DA:147,2
DA:148,1
DA:149,1
DA:158,1
DA:160,0
DA:161,0
DA:162,0
DA:163,0
DA:164,0
DA:170,1
DA:172,0
DA:173,0
DA:174,0
DA:175,0
DA:176,0
DA:187,1
DA:191,1
DA:194,1
DA:195,1
DA:196,1
DA:198,1
DA:200,1
DA:206,1
DA:207,4
LF:74
LH:57
end_of_record
SF:lib\presentation\screens\principal\widgets\header_widget.dart
DA:5,1
DA:7,1
DA:9,1
DA:11,1
DA:14,1
DA:15,1
DA:16,1
DA:17,1
DA:19,1
DA:20,1
DA:21,1
DA:27,1
DA:29,1
LF:13
LH:13
end_of_record
SF:lib\presentation\controllers\user_controller.dart
DA:9,3
DA:10,0
DA:16,1
DA:18,3
DA:19,2
DA:21,3
DA:22,1
DA:24,0
DA:27,1
DA:29,4
DA:30,1
DA:36,0
DA:37,0
DA:39,0
DA:40,0
DA:46,4
DA:47,0
DA:48,0
DA:49,0
DA:50,4
DA:51,1
DA:52,3
DA:53,0
DA:54,0
DA:56,4
DA:58,1
DA:59,3
DA:60,3
DA:61,3
DA:64,1
DA:65,3
DA:66,3
DA:67,3
DA:70,4
DA:74,4
DA:75,1
LF:36
LH:25
end_of_record
SF:lib\data\repositories\user_repository_impl.dart
DA:10,1
DA:12,1
DA:14,2
DA:17,1
DA:19,1
DA:20,1
DA:21,1
DA:22,1
DA:23,1
DA:24,1
DA:25,1
DA:26,1
DA:27,1
DA:28,1
DA:29,1
DA:30,1
DA:31,1
DA:32,1
DA:34,2
LF:19
LH:19
end_of_record
